<?xml version="1.0" encoding="UTF-8"?>
<!-- Generated by org.testng.reporters.JUnitReportReporter -->
<testsuite hostname="Optiplex" failures="0" tests="3" name="testnglogin.Login" time="8.883" errors="0" timestamp="21 Jul 2023 18:31:35 GMT" skipped="0">
  <testcase classname="testnglogin.Login" name="url" time="7.401"/>
  <testcase classname="testnglogin.Login" name="username" time="0.267"/>
  <testcase classname="testnglogin.Login" name="close" time="1.215"/>
</testsuite> <!-- testnglogin.Login -->
