<?xml version="1.0" encoding="UTF-8"?>
<!-- Generated by org.testng.reporters.JUnitReportReporter -->
<testsuite hostname="Optiplex" failures="0" tests="4" name="testnglogin.LoginPage" time="10.352" errors="0" timestamp="21 Jul 2023 17:52:25 GMT" skipped="0">
  <testcase classname="testnglogin.LoginPage" name="openUrl" time="10.061"/>
  <testcase classname="testnglogin.LoginPage" name="topics" time="0.021"/>
  <testcase classname="testnglogin.LoginPage" name="username" time="0.104"/>
  <testcase classname="testnglogin.LoginPage" name="password" time="0.166"/>
</testsuite> <!-- testnglogin.LoginPage -->
